Generating earth-did-not-steal-your-property.md via edge-tts (6 chunks)
  edge-tts chunk 1: 3483 chars
  edge-tts chunk 2: 3416 chars
  edge-tts chunk 3: 3466 chars
  edge-tts chunk 4: 3467 chars
  edge-tts chunk 5: 3486 chars
  edge-tts chunk 6: 2434 chars
Generating from-nations-to-habitats.md via edge-tts (11 chunks)
  edge-tts chunk 1: 3334 chars
  edge-tts chunk 2: 3371 chars
  edge-tts chunk 3: 3294 chars
  edge-tts chunk 4: 3493 chars
  edge-tts chunk 5: 3223 chars
  edge-tts chunk 6: 3426 chars
  edge-tts chunk 7: 3201 chars
  edge-tts chunk 8: 3310 chars
  edge-tts chunk 9: 3495 chars
  edge-tts chunk 10: 3436 chars
  edge-tts chunk 11: 2167 chars
Generating the-pressure-vessel-called-earth.md via edge-tts (7 chunks)
  edge-tts chunk 1: 3268 chars
  edge-tts chunk 2: 3428 chars
  edge-tts chunk 3: 3226 chars
  edge-tts chunk 4: 3322 chars
  edge-tts chunk 5: 3364 chars
  edge-tts chunk 6: 3468 chars
  edge-tts chunk 7: 734 chars
Generating the-state-that-kept-saying-yes.md via edge-tts (9 chunks)
  edge-tts chunk 1: 3468 chars
  edge-tts chunk 2: 3341 chars
  edge-tts chunk 3: 3399 chars
  edge-tts chunk 4: 3484 chars
  edge-tts chunk 5: 3179 chars
  edge-tts chunk 6: 3134 chars
  edge-tts chunk 7: 3305 chars
  edge-tts chunk 8: 3433 chars
  edge-tts chunk 9: 1965 chars
Done. generated=4 skipped=0 total=4
